<?xml version="1.0" encoding="UTF-8"?>
<coverage generated="1636695014861" clover="3.2.0">
  <project timestamp="1636695014861" name="All files">
    <metrics statements="18" coveredstatements="14" conditionals="14" coveredconditionals="7" methods="4" coveredmethods="2" elements="36" coveredelements="23" complexity="0" loc="18" ncloc="18" packages="1" files="2" classes="2"/>
    <file name="fatura.js" path="D:\Felipe\Tópicos da Computação\Atividade-1-main\lib\fatura.js">
      <metrics statements="9" coveredstatements="8" conditionals="9" coveredconditionals="7" methods="2" coveredmethods="1"/>
      <line num="1" count="1" type="stmt"/>
      <line num="2" count="1" type="stmt"/>
      <line num="9" count="0" type="stmt"/>
      <line num="26" count="2" type="stmt"/>
      <line num="28" count="2" type="stmt"/>
      <line num="31" count="6" type="cond" truecount="7" falsecount="2"/>
      <line num="38" count="2" type="stmt"/>
      <line num="43" count="2" type="stmt"/>
      <line num="50" count="1" type="stmt"/>
    </file>
    <file name="util.js" path="D:\Felipe\Tópicos da Computação\Atividade-1-main\lib\util.js">
      <metrics statements="9" coveredstatements="6" conditionals="5" coveredconditionals="0" methods="2" coveredmethods="1"/>
      <line num="4" count="2" type="stmt"/>
      <line num="5" count="2" type="stmt"/>
      <line num="6" count="2" type="stmt"/>
      <line num="7" count="2" type="stmt"/>
      <line num="8" count="2" type="stmt"/>
      <line num="12" count="0" type="cond" truecount="0" falsecount="2"/>
      <line num="15" count="0" type="stmt"/>
      <line num="17" count="0" type="stmt"/>
      <line num="23" count="1" type="stmt"/>
    </file>
  </project>
</coverage>
