{"D:\\Felipe\\Tópicos da Computação\\Atividade-1-main\\lib\\fatura.js": {"path":"D:\\Felipe\\Tópicos da Computação\\Atividade-1-main\\lib\\fatura.js","statementMap":{"0":{"start":{"line":1,"column":14},"end":{"line":1,"column":31}},"1":{"start":{"line":2,"column":13},"end":{"line":2,"column":24}},"2":{"start":{"line":9,"column":8},"end":{"line":19,"column":10}},"3":{"start":{"line":26,"column":30},"end":{"line":26,"column":32}},"4":{"start":{"line":28,"column":16},"end":{"line":36,"column":13}},"5":{"start":{"line":28,"column":28},"end":{"line":28,"column":29}},"6":{"start":{"line":31,"column":24},"end":{"line":32,"column":47}},"7":{"start":{"line":32,"column":24},"end":{"line":32,"column":47}},"8":{"start":{"line":37,"column":12},"end":{"line":37,"column":27}},"9":{"start":{"line":44,"column":0},"end":{"line":44,"column":24}}},"fnMap":{"0":{"name":"(anonymous_0)","decl":{"start":{"line":8,"column":4},"end":{"line":8,"column":5}},"loc":{"start":{"line":8,"column":48},"end":{"line":20,"column":5}},"line":8},"1":{"name":"(anonymous_1)","decl":{"start":{"line":25,"column":12},"end":{"line":25,"column":13}},"loc":{"start":{"line":25,"column":26},"end":{"line":39,"column":13}},"line":25}},"branchMap":{"0":{"loc":{"start":{"line":31,"column":24},"end":{"line":32,"column":47}},"type":"if","locations":[{"start":{"line":31,"column":24},"end":{"line":32,"column":47}},{"start":{"line":31,"column":24},"end":{"line":32,"column":47}}],"line":31}},"s":{"0":1,"1":1,"2":0,"3":1,"4":1,"5":1,"6":3,"7":1,"8":1,"9":1},"f":{"0":0,"1":1},"b":{"0":[1,2]},"_coverageSchema":"1a1c01bbd47fc00a2c39e90264f33305004495a9","hash":"ef7521d9efc370278d1099c558dd81e57dbf2859"}
,"D:\\Felipe\\Tópicos da Computação\\Atividade-1-main\\lib\\util.js": {"path":"D:\\Felipe\\Tópicos da Computação\\Atividade-1-main\\lib\\util.js","statementMap":{"0":{"start":{"line":4,"column":16},"end":{"line":4,"column":26}},"1":{"start":{"line":5,"column":17},"end":{"line":5,"column":31}},"2":{"start":{"line":6,"column":17},"end":{"line":6,"column":57}},"3":{"start":{"line":7,"column":17},"end":{"line":7,"column":56}},"4":{"start":{"line":8,"column":4},"end":{"line":8,"column":16}},"5":{"start":{"line":12,"column":4},"end":{"line":17,"column":18}},"6":{"start":{"line":15,"column":6},"end":{"line":15,"column":17}},"7":{"start":{"line":17,"column":6},"end":{"line":17,"column":18}},"8":{"start":{"line":23,"column":0},"end":{"line":23,"column":23}}},"fnMap":{"0":{"name":"(anonymous_0)","decl":{"start":{"line":3,"column":2},"end":{"line":3,"column":3}},"loc":{"start":{"line":3,"column":18},"end":{"line":9,"column":3}},"line":3},"1":{"name":"(anonymous_1)","decl":{"start":{"line":11,"column":2},"end":{"line":11,"column":3}},"loc":{"start":{"line":11,"column":17},"end":{"line":19,"column":3}},"line":11}},"branchMap":{"0":{"loc":{"start":{"line":12,"column":4},"end":{"line":17,"column":18}},"type":"if","locations":[{"start":{"line":12,"column":4},"end":{"line":17,"column":18}},{"start":{"line":12,"column":4},"end":{"line":17,"column":18}}],"line":12},"1":{"loc":{"start":{"line":13,"column":6},"end":{"line":13,"column":47}},"type":"binary-expr","locations":[{"start":{"line":13,"column":6},"end":{"line":13,"column":17}},{"start":{"line":13,"column":21},"end":{"line":13,"column":32}},{"start":{"line":13,"column":36},"end":{"line":13,"column":47}}],"line":13}},"s":{"0":0,"1":0,"2":0,"3":0,"4":0,"5":0,"6":0,"7":0,"8":1},"f":{"0":0,"1":0},"b":{"0":[0,0],"1":[0,0,0]},"_coverageSchema":"1a1c01bbd47fc00a2c39e90264f33305004495a9","hash":"0ad54e6f7a1477efc775163ffe6fbe9444d750b0"}
}
