{"D:\\Felipe\\Tópicos da Computação\\Atividade-1-main\\lib\\fatura.js": {"path":"D:\\Felipe\\Tópicos da Computação\\Atividade-1-main\\lib\\fatura.js","statementMap":{"0":{"start":{"line":1,"column":14},"end":{"line":1,"column":31}},"1":{"start":{"line":2,"column":13},"end":{"line":2,"column":24}},"2":{"start":{"line":9,"column":8},"end":{"line":19,"column":10}},"3":{"start":{"line":26,"column":22},"end":{"line":26,"column":24}},"4":{"start":{"line":28,"column":8},"end":{"line":38,"column":9}},"5":{"start":{"line":28,"column":21},"end":{"line":28,"column":22}},"6":{"start":{"line":31,"column":12},"end":{"line":34,"column":39}},"7":{"start":{"line":34,"column":16},"end":{"line":34,"column":39}},"8":{"start":{"line":39,"column":8},"end":{"line":39,"column":23}},"9":{"start":{"line":44,"column":22},"end":{"line":44,"column":24}},"10":{"start":{"line":46,"column":8},"end":{"line":59,"column":9}},"11":{"start":{"line":46,"column":21},"end":{"line":46,"column":22}},"12":{"start":{"line":49,"column":12},"end":{"line":55,"column":39}},"13":{"start":{"line":55,"column":16},"end":{"line":55,"column":39}},"14":{"start":{"line":60,"column":8},"end":{"line":60,"column":23}},"15":{"start":{"line":65,"column":22},"end":{"line":65,"column":24}},"16":{"start":{"line":67,"column":8},"end":{"line":80,"column":9}},"17":{"start":{"line":67,"column":21},"end":{"line":67,"column":22}},"18":{"start":{"line":70,"column":12},"end":{"line":76,"column":39}},"19":{"start":{"line":76,"column":16},"end":{"line":76,"column":39}},"20":{"start":{"line":81,"column":8},"end":{"line":81,"column":23}},"21":{"start":{"line":86,"column":22},"end":{"line":86,"column":24}},"22":{"start":{"line":88,"column":8},"end":{"line":101,"column":9}},"23":{"start":{"line":88,"column":21},"end":{"line":88,"column":22}},"24":{"start":{"line":91,"column":12},"end":{"line":97,"column":39}},"25":{"start":{"line":97,"column":16},"end":{"line":97,"column":39}},"26":{"start":{"line":102,"column":8},"end":{"line":102,"column":23}},"27":{"start":{"line":109,"column":0},"end":{"line":109,"column":24}}},"fnMap":{"0":{"name":"(anonymous_0)","decl":{"start":{"line":8,"column":4},"end":{"line":8,"column":5}},"loc":{"start":{"line":8,"column":48},"end":{"line":20,"column":5}},"line":8},"1":{"name":"(anonymous_1)","decl":{"start":{"line":25,"column":4},"end":{"line":25,"column":5}},"loc":{"start":{"line":25,"column":28},"end":{"line":41,"column":5}},"line":25},"2":{"name":"(anonymous_2)","decl":{"start":{"line":43,"column":4},"end":{"line":43,"column":5}},"loc":{"start":{"line":43,"column":37},"end":{"line":62,"column":5}},"line":43},"3":{"name":"(anonymous_3)","decl":{"start":{"line":64,"column":4},"end":{"line":64,"column":5}},"loc":{"start":{"line":64,"column":37},"end":{"line":83,"column":5}},"line":64},"4":{"name":"(anonymous_4)","decl":{"start":{"line":85,"column":4},"end":{"line":85,"column":5}},"loc":{"start":{"line":85,"column":28},"end":{"line":104,"column":5}},"line":85}},"branchMap":{"0":{"loc":{"start":{"line":31,"column":12},"end":{"line":34,"column":39}},"type":"if","locations":[{"start":{"line":31,"column":12},"end":{"line":34,"column":39}},{"start":{"line":31,"column":12},"end":{"line":34,"column":39}}],"line":31},"1":{"loc":{"start":{"line":49,"column":12},"end":{"line":55,"column":39}},"type":"if","locations":[{"start":{"line":49,"column":12},"end":{"line":55,"column":39}},{"start":{"line":49,"column":12},"end":{"line":55,"column":39}}],"line":49},"2":{"loc":{"start":{"line":50,"column":20},"end":{"line":52,"column":62}},"type":"binary-expr","locations":[{"start":{"line":50,"column":20},"end":{"line":50,"column":42}},{"start":{"line":51,"column":20},"end":{"line":51,"column":42}},{"start":{"line":52,"column":20},"end":{"line":52,"column":62}}],"line":50},"3":{"loc":{"start":{"line":70,"column":12},"end":{"line":76,"column":39}},"type":"if","locations":[{"start":{"line":70,"column":12},"end":{"line":76,"column":39}},{"start":{"line":70,"column":12},"end":{"line":76,"column":39}}],"line":70},"4":{"loc":{"start":{"line":71,"column":20},"end":{"line":73,"column":72}},"type":"binary-expr","locations":[{"start":{"line":71,"column":20},"end":{"line":71,"column":42}},{"start":{"line":72,"column":20},"end":{"line":72,"column":42}},{"start":{"line":73,"column":20},"end":{"line":73,"column":72}}],"line":71},"5":{"loc":{"start":{"line":91,"column":12},"end":{"line":97,"column":39}},"type":"if","locations":[{"start":{"line":91,"column":12},"end":{"line":97,"column":39}},{"start":{"line":91,"column":12},"end":{"line":97,"column":39}}],"line":91},"6":{"loc":{"start":{"line":91,"column":18},"end":{"line":92,"column":34}},"type":"binary-expr","locations":[{"start":{"line":91,"column":18},"end":{"line":91,"column":55}},{"start":{"line":92,"column":12},"end":{"line":92,"column":34}}],"line":91}},"s":{"0":1,"1":1,"2":0,"3":1,"4":1,"5":1,"6":3,"7":1,"8":1,"9":1,"10":1,"11":1,"12":3,"13":1,"14":1,"15":1,"16":1,"17":1,"18":3,"19":3,"20":1,"21":1,"22":1,"23":1,"24":3,"25":2,"26":1,"27":1},"f":{"0":0,"1":1,"2":1,"3":1,"4":1},"b":{"0":[1,2],"1":[1,2],"2":[3,2,2],"3":[3,0],"4":[3,1,0],"5":[2,1],"6":[3,1]},"_coverageSchema":"1a1c01bbd47fc00a2c39e90264f33305004495a9","hash":"f4d92f1a66af0f58f17b16c87afa265c3b00b119"}
,"D:\\Felipe\\Tópicos da Computação\\Atividade-1-main\\lib\\util.js": {"path":"D:\\Felipe\\Tópicos da Computação\\Atividade-1-main\\lib\\util.js","statementMap":{"0":{"start":{"line":4,"column":16},"end":{"line":4,"column":26}},"1":{"start":{"line":5,"column":17},"end":{"line":5,"column":31}},"2":{"start":{"line":6,"column":17},"end":{"line":6,"column":57}},"3":{"start":{"line":7,"column":17},"end":{"line":7,"column":56}},"4":{"start":{"line":8,"column":4},"end":{"line":8,"column":16}},"5":{"start":{"line":12,"column":4},"end":{"line":17,"column":18}},"6":{"start":{"line":15,"column":6},"end":{"line":15,"column":17}},"7":{"start":{"line":17,"column":6},"end":{"line":17,"column":18}},"8":{"start":{"line":23,"column":0},"end":{"line":23,"column":23}}},"fnMap":{"0":{"name":"(anonymous_0)","decl":{"start":{"line":3,"column":2},"end":{"line":3,"column":3}},"loc":{"start":{"line":3,"column":18},"end":{"line":9,"column":3}},"line":3},"1":{"name":"(anonymous_1)","decl":{"start":{"line":11,"column":2},"end":{"line":11,"column":3}},"loc":{"start":{"line":11,"column":17},"end":{"line":19,"column":3}},"line":11}},"branchMap":{"0":{"loc":{"start":{"line":12,"column":4},"end":{"line":17,"column":18}},"type":"if","locations":[{"start":{"line":12,"column":4},"end":{"line":17,"column":18}},{"start":{"line":12,"column":4},"end":{"line":17,"column":18}}],"line":12},"1":{"loc":{"start":{"line":13,"column":6},"end":{"line":13,"column":47}},"type":"binary-expr","locations":[{"start":{"line":13,"column":6},"end":{"line":13,"column":17}},{"start":{"line":13,"column":21},"end":{"line":13,"column":32}},{"start":{"line":13,"column":36},"end":{"line":13,"column":47}}],"line":13}},"s":{"0":2,"1":2,"2":2,"3":2,"4":2,"5":3,"6":1,"7":2,"8":1},"f":{"0":2,"1":3},"b":{"0":[1,2],"1":[3,3,2]},"_coverageSchema":"1a1c01bbd47fc00a2c39e90264f33305004495a9","hash":"0ad54e6f7a1477efc775163ffe6fbe9444d750b0"}
}
