TN:
SF:lib\fatura.js
FN:8,(anonymous_0)
FN:25,(anonymous_1)
FNF:2
FNH:1
FNDA:0,(anonymous_0)
FNDA:2,(anonymous_1)
DA:1,1
DA:2,1
DA:9,0
DA:26,2
DA:28,2
DA:31,6
DA:38,3
DA:43,2
DA:50,1
LF:9
LH:8
BRDA:31,0,0,3
BRDA:31,0,1,3
BRDA:31,1,0,6
BRDA:31,1,1,3
BRDA:31,1,2,0
BRDA:31,1,3,0
BRDA:31,2,0,6
BRDA:31,2,1,4
BRDA:31,2,2,1
BRDA:31,2,3,1
BRF:10
BRH:8
end_of_record
TN:
SF:lib\util.js
FN:3,(anonymous_0)
FN:11,(anonymous_1)
FNF:2
FNH:1
FNDA:1,(anonymous_0)
FNDA:0,(anonymous_1)
DA:4,1
DA:5,1
DA:6,1
DA:7,1
DA:8,1
DA:12,0
DA:15,0
DA:17,0
DA:23,1
LF:9
LH:6
BRDA:12,0,0,0
BRDA:12,0,1,0
BRDA:13,1,0,0
BRDA:13,1,1,0
BRDA:13,1,2,0
BRF:5
BRH:0
end_of_record
