TN:
SF:lib\fatura.js
FN:8,(anonymous_0)
FN:25,(anonymous_1)
FNF:2
FNH:1
FNDA:0,(anonymous_0)
FNDA:2,(anonymous_1)
DA:1,1
DA:2,1
DA:9,0
DA:26,2
DA:28,2
DA:31,6
DA:38,2
DA:43,2
DA:50,1
LF:9
LH:8
BRDA:31,0,0,2
BRDA:31,0,1,4
BRDA:31,1,0,6
BRDA:31,1,1,4
BRDA:31,1,2,2
BRDA:31,1,3,2
BRDA:31,1,4,2
BRDA:31,1,5,0
BRDA:31,1,6,0
BRF:9
BRH:7
end_of_record
TN:
SF:lib\util.js
FN:3,(anonymous_0)
FN:11,(anonymous_1)
FNF:2
FNH:1
FNDA:2,(anonymous_0)
FNDA:0,(anonymous_1)
DA:4,2
DA:5,2
DA:6,2
DA:7,2
DA:8,2
DA:12,0
DA:15,0
DA:17,0
DA:23,1
LF:9
LH:6
BRDA:12,0,0,0
BRDA:12,0,1,0
BRDA:13,1,0,0
BRDA:13,1,1,0
BRDA:13,1,2,0
BRF:5
BRH:0
end_of_record
